[50.237s] Invoking command in '/home/stilo759/TDDE05/ros2_ws/src/labs/build/air_lab2': PYTHONPATH=/home/stilo759/TDDE05/ros2_ws/src/labs/build/air_lab2/prefix_override:/home/stilo759/TDDE05/ros2_ws/src/labs/install/air_lab2/lib/python3.8/site-packages:${PYTHONPATH} /usr/bin/python3 setup.py develop --editable --build-directory /home/stilo759/TDDE05/ros2_ws/src/labs/build/air_lab2/build --no-deps install_data
[63.084s] running develop
[66.753s] running egg_info
[66.755s] creating air_lab2.egg-info
[66.773s] writing air_lab2.egg-info/PKG-INFO
[66.816s] writing dependency_links to air_lab2.egg-info/dependency_links.txt
[66.827s] writing entry points to air_lab2.egg-info/entry_points.txt
[66.855s] writing requirements to air_lab2.egg-info/requires.txt
[66.872s] writing top-level names to air_lab2.egg-info/top_level.txt
[67.009s] writing manifest file 'air_lab2.egg-info/SOURCES.txt'
[101.200s] reading manifest file 'air_lab2.egg-info/SOURCES.txt'
[101.273s] writing manifest file 'air_lab2.egg-info/SOURCES.txt'
[103.103s] running build_ext
[103.122s] Creating /home/stilo759/TDDE05/ros2_ws/src/labs/install/air_lab2/lib/python3.8/site-packages/site.py
[103.503s] Creating /home/stilo759/TDDE05/ros2_ws/src/labs/install/air_lab2/lib/python3.8/site-packages/air-lab2.egg-link (link to .)
[103.649s] Installing lab2_node script to /home/stilo759/TDDE05/ros2_ws/src/labs/install/air_lab2/lib/air_lab2
[103.753s] Installing random_exploration script to /home/stilo759/TDDE05/ros2_ws/src/labs/install/air_lab2/lib/air_lab2
[103.879s] 
[103.880s] Installed /home/stilo759/TDDE05/ros2_ws/src/labs/build/air_lab2
[103.913s] running install_data
[103.969s] creating /home/stilo759/TDDE05/ros2_ws/src/labs/install/air_lab2/share/ament_index
[103.985s] creating /home/stilo759/TDDE05/ros2_ws/src/labs/install/air_lab2/share/ament_index/resource_index
[104.007s] creating /home/stilo759/TDDE05/ros2_ws/src/labs/install/air_lab2/share/ament_index/resource_index/packages
[104.116s] copying resource/air_lab2 -> /home/stilo759/TDDE05/ros2_ws/src/labs/install/air_lab2/share/ament_index/resource_index/packages
[104.278s] copying package.xml -> /home/stilo759/TDDE05/ros2_ws/src/labs/install/air_lab2/share/air_lab2
[104.464s] Invoked command in '/home/stilo759/TDDE05/ros2_ws/src/labs/build/air_lab2' returned '0': PYTHONPATH=/home/stilo759/TDDE05/ros2_ws/src/labs/build/air_lab2/prefix_override:/home/stilo759/TDDE05/ros2_ws/src/labs/install/air_lab2/lib/python3.8/site-packages:${PYTHONPATH} /usr/bin/python3 setup.py develop --editable --build-directory /home/stilo759/TDDE05/ros2_ws/src/labs/build/air_lab2/build --no-deps install_data
