[4.483s] DEBUG:colcon:Command line arguments: ['/bin/colcon', 'build', '--symlink-install']
[4.484s] DEBUG:colcon:Parsed command line arguments: Namespace(allow_overriding=[], ament_cmake_args=None, base_paths=['.'], build_base='build', catkin_cmake_args=None, catkin_skip_building_tests=False, cmake_args=None, cmake_clean_cache=False, cmake_clean_first=False, cmake_force_configure=False, cmake_target=None, cmake_target_skip_unavailable=False, continue_on_error=False, event_handlers=None, executor='parallel', ignore_user_meta=False, install_base='install', log_base=None, log_level=None, main=<bound method BuildVerb.main of <colcon_core.verb.build.BuildVerb object at 0x7ff6f92988e0>>, merge_install=False, metas=['./colcon.meta'], packages_above=None, packages_above_and_dependencies=None, packages_above_depth=None, packages_end=None, packages_ignore=None, packages_ignore_regex=None, packages_select=None, packages_select_build_failed=False, packages_select_by_dep=None, packages_select_regex=None, packages_select_test_failures=False, packages_skip=None, packages_skip_build_finished=False, packages_skip_by_dep=None, packages_skip_regex=None, packages_skip_test_passed=False, packages_skip_up_to=None, packages_start=None, packages_up_to=None, packages_up_to_regex=None, parallel_workers=20, paths=None, symlink_install=True, test_result_base=None, verb_extension=<colcon_core.verb.build.BuildVerb object at 0x7ff6f92988e0>, verb_name='build', verb_parser=<colcon_defaults.argument_parser.defaults.DefaultArgumentsDecorator object at 0x7ff6f9298e50>)
[5.065s] Level 1:colcon.colcon_core.package_discovery:discover_packages(colcon_meta) check parameters
[5.068s] Level 1:colcon.colcon_core.package_discovery:discover_packages(recursive) check parameters
[5.068s] Level 1:colcon.colcon_core.package_discovery:discover_packages(ignore) check parameters
[5.068s] Level 1:colcon.colcon_core.package_discovery:discover_packages(path) check parameters
[5.068s] Level 1:colcon.colcon_core.package_discovery:discover_packages(colcon_meta) discover
[5.068s] Level 1:colcon.colcon_core.package_discovery:discover_packages(recursive) discover
[5.069s] INFO:colcon.colcon_core.package_discovery:Crawling recursively for packages in '/home/stilo759/TDDE05/ros2_ws/src/labs'
[5.072s] Level 1:colcon.colcon_core.package_identification:_identify(.) by extensions ['ignore', 'ignore_ament_install']
[5.073s] Level 1:colcon.colcon_core.package_identification:_identify(.) by extension 'ignore'
[5.075s] Level 1:colcon.colcon_core.package_identification:_identify(.) by extension 'ignore_ament_install'
[5.077s] Level 1:colcon.colcon_core.package_identification:_identify(.) by extensions ['colcon_pkg']
[5.077s] Level 1:colcon.colcon_core.package_identification:_identify(.) by extension 'colcon_pkg'
[5.078s] Level 1:colcon.colcon_core.package_identification:_identify(.) by extensions ['colcon_meta']
[5.078s] Level 1:colcon.colcon_core.package_identification:_identify(.) by extension 'colcon_meta'
[5.078s] Level 1:colcon.colcon_core.package_identification:_identify(.) by extensions ['ros']
[5.078s] Level 1:colcon.colcon_core.package_identification:_identify(.) by extension 'ros'
[5.146s] Level 1:colcon.colcon_core.package_identification:_identify(.) by extensions ['cmake', 'python']
[5.146s] Level 1:colcon.colcon_core.package_identification:_identify(.) by extension 'cmake'
[5.149s] Level 1:colcon.colcon_core.package_identification:_identify(.) by extension 'python'
[5.150s] Level 1:colcon.colcon_core.package_identification:_identify(.) by extensions ['python_setup_py']
[5.150s] Level 1:colcon.colcon_core.package_identification:_identify(.) by extension 'python_setup_py'
[5.153s] Level 1:colcon.colcon_core.package_identification:_identify(air_lab2) by extensions ['ignore', 'ignore_ament_install']
[5.153s] Level 1:colcon.colcon_core.package_identification:_identify(air_lab2) by extension 'ignore'
[5.153s] Level 1:colcon.colcon_core.package_identification:_identify(air_lab2) by extension 'ignore_ament_install'
[5.156s] Level 1:colcon.colcon_core.package_identification:_identify(air_lab2) by extensions ['colcon_pkg']
[5.156s] Level 1:colcon.colcon_core.package_identification:_identify(air_lab2) by extension 'colcon_pkg'
[5.156s] Level 1:colcon.colcon_core.package_identification:_identify(air_lab2) by extensions ['colcon_meta']
[5.156s] Level 1:colcon.colcon_core.package_identification:_identify(air_lab2) by extension 'colcon_meta'
[5.157s] Level 1:colcon.colcon_core.package_identification:_identify(air_lab2) by extensions ['ros']
[5.157s] Level 1:colcon.colcon_core.package_identification:_identify(air_lab2) by extension 'ros'
[5.170s] DEBUG:colcon.colcon_core.package_identification:Package 'air_lab2' with type 'ros.ament_python' and name 'air_lab2'
[5.176s] Level 1:colcon.colcon_core.package_identification:_identify(air_lab3) by extensions ['ignore', 'ignore_ament_install']
[5.176s] Level 1:colcon.colcon_core.package_identification:_identify(air_lab3) by extension 'ignore'
[5.177s] Level 1:colcon.colcon_core.package_identification:_identify(air_lab3) by extension 'ignore_ament_install'
[5.193s] Level 1:colcon.colcon_core.package_identification:_identify(air_lab3) by extensions ['colcon_pkg']
[5.193s] Level 1:colcon.colcon_core.package_identification:_identify(air_lab3) by extension 'colcon_pkg'
[5.200s] Level 1:colcon.colcon_core.package_identification:_identify(air_lab3) by extensions ['colcon_meta']
[5.200s] Level 1:colcon.colcon_core.package_identification:_identify(air_lab3) by extension 'colcon_meta'
[5.203s] Level 1:colcon.colcon_core.package_identification:_identify(air_lab3) by extensions ['ros']
[5.203s] Level 1:colcon.colcon_core.package_identification:_identify(air_lab3) by extension 'ros'
[5.215s] DEBUG:colcon.colcon_core.package_identification:Package 'air_lab3' with type 'ros.ament_python' and name 'air_lab3'
[5.217s] Level 1:colcon.colcon_core.package_identification:_identify(air_lab5) by extensions ['ignore', 'ignore_ament_install']
[5.217s] Level 1:colcon.colcon_core.package_identification:_identify(air_lab5) by extension 'ignore'
[5.218s] Level 1:colcon.colcon_core.package_identification:_identify(air_lab5) by extension 'ignore_ament_install'
[5.220s] Level 1:colcon.colcon_core.package_identification:_identify(air_lab5) by extensions ['colcon_pkg']
[5.220s] Level 1:colcon.colcon_core.package_identification:_identify(air_lab5) by extension 'colcon_pkg'
[5.220s] Level 1:colcon.colcon_core.package_identification:_identify(air_lab5) by extensions ['colcon_meta']
[5.220s] Level 1:colcon.colcon_core.package_identification:_identify(air_lab5) by extension 'colcon_meta'
[5.221s] Level 1:colcon.colcon_core.package_identification:_identify(air_lab5) by extensions ['ros']
[5.221s] Level 1:colcon.colcon_core.package_identification:_identify(air_lab5) by extension 'ros'
[5.235s] DEBUG:colcon.colcon_core.package_identification:Package 'air_lab5' with type 'ros.ament_python' and name 'air_lab5'
[5.240s] Level 1:colcon.colcon_core.package_identification:_identify(air_lab_common) by extensions ['ignore', 'ignore_ament_install']
[5.240s] Level 1:colcon.colcon_core.package_identification:_identify(air_lab_common) by extension 'ignore'
[5.241s] Level 1:colcon.colcon_core.package_identification:_identify(air_lab_common) by extension 'ignore_ament_install'
[5.244s] Level 1:colcon.colcon_core.package_identification:_identify(air_lab_common) by extensions ['colcon_pkg']
[5.244s] Level 1:colcon.colcon_core.package_identification:_identify(air_lab_common) by extension 'colcon_pkg'
[5.246s] Level 1:colcon.colcon_core.package_identification:_identify(air_lab_common) by extensions ['colcon_meta']
[5.246s] Level 1:colcon.colcon_core.package_identification:_identify(air_lab_common) by extension 'colcon_meta'
[5.246s] Level 1:colcon.colcon_core.package_identification:_identify(air_lab_common) by extensions ['ros']
[5.246s] Level 1:colcon.colcon_core.package_identification:_identify(air_lab_common) by extension 'ros'
[5.259s] DEBUG:colcon.colcon_core.package_identification:Package 'air_lab_common' with type 'ros.ament_python' and name 'air_lab_common'
[5.261s] Level 1:colcon.colcon_core.package_identification:_identify(air_lab_interfaces) by extensions ['ignore', 'ignore_ament_install']
[5.262s] Level 1:colcon.colcon_core.package_identification:_identify(air_lab_interfaces) by extension 'ignore'
[5.262s] Level 1:colcon.colcon_core.package_identification:_identify(air_lab_interfaces) by extension 'ignore_ament_install'
[5.263s] Level 1:colcon.colcon_core.package_identification:_identify(air_lab_interfaces) by extensions ['colcon_pkg']
[5.263s] Level 1:colcon.colcon_core.package_identification:_identify(air_lab_interfaces) by extension 'colcon_pkg'
[5.263s] Level 1:colcon.colcon_core.package_identification:_identify(air_lab_interfaces) by extensions ['colcon_meta']
[5.263s] Level 1:colcon.colcon_core.package_identification:_identify(air_lab_interfaces) by extension 'colcon_meta'
[5.264s] Level 1:colcon.colcon_core.package_identification:_identify(air_lab_interfaces) by extensions ['ros']
[5.264s] Level 1:colcon.colcon_core.package_identification:_identify(air_lab_interfaces) by extension 'ros'
[5.272s] DEBUG:colcon.colcon_core.package_identification:Package 'air_lab_interfaces' with type 'ros.ament_cmake' and name 'air_lab_interfaces'
[5.274s] Level 1:colcon.colcon_core.package_identification:_identify(build) by extensions ['ignore', 'ignore_ament_install']
[5.275s] Level 1:colcon.colcon_core.package_identification:_identify(build) by extension 'ignore'
[5.276s] Level 1:colcon.colcon_core.package_identification:_identify(build) ignored
[5.283s] Level 1:colcon.colcon_core.package_identification:_identify(install) by extensions ['ignore', 'ignore_ament_install']
[5.283s] Level 1:colcon.colcon_core.package_identification:_identify(install) by extension 'ignore'
[5.284s] Level 1:colcon.colcon_core.package_identification:_identify(install) ignored
[5.290s] Level 1:colcon.colcon_core.package_identification:_identify(log) by extensions ['ignore', 'ignore_ament_install']
[5.290s] Level 1:colcon.colcon_core.package_identification:_identify(log) by extension 'ignore'
[5.291s] Level 1:colcon.colcon_core.package_identification:_identify(log) ignored
[5.291s] Level 1:colcon.colcon_core.package_discovery:discover_packages(recursive) using defaults
[5.291s] Level 1:colcon.colcon_core.package_discovery:discover_packages(ignore) discover
[5.291s] Level 1:colcon.colcon_core.package_discovery:discover_packages(ignore) using defaults
[5.291s] Level 1:colcon.colcon_core.package_discovery:discover_packages(path) discover
[5.291s] Level 1:colcon.colcon_core.package_discovery:discover_packages(path) using defaults
[5.752s] Level 1:colcon.colcon_core.package_discovery:discover_packages(prefix_path) check parameters
[5.752s] Level 1:colcon.colcon_core.package_discovery:discover_packages(prefix_path) discover
[5.804s] WARNING:colcon.colcon_ros.prefix_path.ament:The path '/home/stilo759/TDDE05/ros2_ws/install/air_lab_5' in the environment variable AMENT_PREFIX_PATH doesn't exist
[6.001s] DEBUG:colcon.colcon_installed_package_information.package_discovery:Found 5 installed packages in /home/stilo759/TDDE05/ros2_ws/install
[6.100s] DEBUG:colcon.colcon_installed_package_information.package_discovery:Found 10 installed packages in /courses/TDDE05/software/ros2_ws/install
[6.105s] DEBUG:colcon.colcon_installed_package_information.package_discovery:Found 297 installed packages in /opt/ros/galactic
[6.109s] Level 1:colcon.colcon_core.package_discovery:discover_packages(prefix_path) using defaults
[6.408s] Level 5:colcon.colcon_core.verb:set package 'air_lab2' build argument 'cmake_args' from command line to 'None'
[6.409s] Level 5:colcon.colcon_core.verb:set package 'air_lab2' build argument 'cmake_target' from command line to 'None'
[6.409s] Level 5:colcon.colcon_core.verb:set package 'air_lab2' build argument 'cmake_target_skip_unavailable' from command line to 'False'
[6.409s] Level 5:colcon.colcon_core.verb:set package 'air_lab2' build argument 'cmake_clean_cache' from command line to 'False'
[6.409s] Level 5:colcon.colcon_core.verb:set package 'air_lab2' build argument 'cmake_clean_first' from command line to 'False'
[6.409s] Level 5:colcon.colcon_core.verb:set package 'air_lab2' build argument 'cmake_force_configure' from command line to 'False'
[6.409s] Level 5:colcon.colcon_core.verb:set package 'air_lab2' build argument 'ament_cmake_args' from command line to 'None'
[6.409s] Level 5:colcon.colcon_core.verb:set package 'air_lab2' build argument 'catkin_cmake_args' from command line to 'None'
[6.409s] Level 5:colcon.colcon_core.verb:set package 'air_lab2' build argument 'catkin_skip_building_tests' from command line to 'False'
[6.409s] DEBUG:colcon.colcon_core.verb:Building package 'air_lab2' with the following arguments: {'ament_cmake_args': None, 'build_base': '/home/stilo759/TDDE05/ros2_ws/src/labs/build/air_lab2', 'catkin_cmake_args': None, 'catkin_skip_building_tests': False, 'cmake_args': None, 'cmake_clean_cache': False, 'cmake_clean_first': False, 'cmake_force_configure': False, 'cmake_target': None, 'cmake_target_skip_unavailable': False, 'install_base': '/home/stilo759/TDDE05/ros2_ws/src/labs/install/air_lab2', 'merge_install': False, 'path': '/home/stilo759/TDDE05/ros2_ws/src/labs/air_lab2', 'symlink_install': True, 'test_result_base': None}
[6.411s] Level 5:colcon.colcon_core.verb:set package 'air_lab5' build argument 'cmake_args' from command line to 'None'
[6.411s] Level 5:colcon.colcon_core.verb:set package 'air_lab5' build argument 'cmake_target' from command line to 'None'
[6.411s] Level 5:colcon.colcon_core.verb:set package 'air_lab5' build argument 'cmake_target_skip_unavailable' from command line to 'False'
[6.411s] Level 5:colcon.colcon_core.verb:set package 'air_lab5' build argument 'cmake_clean_cache' from command line to 'False'
[6.411s] Level 5:colcon.colcon_core.verb:set package 'air_lab5' build argument 'cmake_clean_first' from command line to 'False'
[6.411s] Level 5:colcon.colcon_core.verb:set package 'air_lab5' build argument 'cmake_force_configure' from command line to 'False'
[6.411s] Level 5:colcon.colcon_core.verb:set package 'air_lab5' build argument 'ament_cmake_args' from command line to 'None'
[6.411s] Level 5:colcon.colcon_core.verb:set package 'air_lab5' build argument 'catkin_cmake_args' from command line to 'None'
[6.411s] Level 5:colcon.colcon_core.verb:set package 'air_lab5' build argument 'catkin_skip_building_tests' from command line to 'False'
[6.411s] DEBUG:colcon.colcon_core.verb:Building package 'air_lab5' with the following arguments: {'ament_cmake_args': None, 'build_base': '/home/stilo759/TDDE05/ros2_ws/src/labs/build/air_lab5', 'catkin_cmake_args': None, 'catkin_skip_building_tests': False, 'cmake_args': None, 'cmake_clean_cache': False, 'cmake_clean_first': False, 'cmake_force_configure': False, 'cmake_target': None, 'cmake_target_skip_unavailable': False, 'install_base': '/home/stilo759/TDDE05/ros2_ws/src/labs/install/air_lab5', 'merge_install': False, 'path': '/home/stilo759/TDDE05/ros2_ws/src/labs/air_lab5', 'symlink_install': True, 'test_result_base': None}
[6.413s] Level 5:colcon.colcon_core.verb:set package 'air_lab_common' build argument 'cmake_args' from command line to 'None'
[6.413s] Level 5:colcon.colcon_core.verb:set package 'air_lab_common' build argument 'cmake_target' from command line to 'None'
[6.413s] Level 5:colcon.colcon_core.verb:set package 'air_lab_common' build argument 'cmake_target_skip_unavailable' from command line to 'False'
[6.413s] Level 5:colcon.colcon_core.verb:set package 'air_lab_common' build argument 'cmake_clean_cache' from command line to 'False'
[6.413s] Level 5:colcon.colcon_core.verb:set package 'air_lab_common' build argument 'cmake_clean_first' from command line to 'False'
[6.413s] Level 5:colcon.colcon_core.verb:set package 'air_lab_common' build argument 'cmake_force_configure' from command line to 'False'
[6.413s] Level 5:colcon.colcon_core.verb:set package 'air_lab_common' build argument 'ament_cmake_args' from command line to 'None'
[6.413s] Level 5:colcon.colcon_core.verb:set package 'air_lab_common' build argument 'catkin_cmake_args' from command line to 'None'
[6.413s] Level 5:colcon.colcon_core.verb:set package 'air_lab_common' build argument 'catkin_skip_building_tests' from command line to 'False'
[6.413s] DEBUG:colcon.colcon_core.verb:Building package 'air_lab_common' with the following arguments: {'ament_cmake_args': None, 'build_base': '/home/stilo759/TDDE05/ros2_ws/src/labs/build/air_lab_common', 'catkin_cmake_args': None, 'catkin_skip_building_tests': False, 'cmake_args': None, 'cmake_clean_cache': False, 'cmake_clean_first': False, 'cmake_force_configure': False, 'cmake_target': None, 'cmake_target_skip_unavailable': False, 'install_base': '/home/stilo759/TDDE05/ros2_ws/src/labs/install/air_lab_common', 'merge_install': False, 'path': '/home/stilo759/TDDE05/ros2_ws/src/labs/air_lab_common', 'symlink_install': True, 'test_result_base': None}
[6.414s] Level 5:colcon.colcon_core.verb:set package 'air_lab_interfaces' build argument 'cmake_args' from command line to 'None'
[6.414s] Level 5:colcon.colcon_core.verb:set package 'air_lab_interfaces' build argument 'cmake_target' from command line to 'None'
[6.415s] Level 5:colcon.colcon_core.verb:set package 'air_lab_interfaces' build argument 'cmake_target_skip_unavailable' from command line to 'False'
[6.415s] Level 5:colcon.colcon_core.verb:set package 'air_lab_interfaces' build argument 'cmake_clean_cache' from command line to 'False'
[6.415s] Level 5:colcon.colcon_core.verb:set package 'air_lab_interfaces' build argument 'cmake_clean_first' from command line to 'False'
[6.415s] Level 5:colcon.colcon_core.verb:set package 'air_lab_interfaces' build argument 'cmake_force_configure' from command line to 'False'
[6.415s] Level 5:colcon.colcon_core.verb:set package 'air_lab_interfaces' build argument 'ament_cmake_args' from command line to 'None'
[6.415s] Level 5:colcon.colcon_core.verb:set package 'air_lab_interfaces' build argument 'catkin_cmake_args' from command line to 'None'
[6.415s] Level 5:colcon.colcon_core.verb:set package 'air_lab_interfaces' build argument 'catkin_skip_building_tests' from command line to 'False'
[6.415s] DEBUG:colcon.colcon_core.verb:Building package 'air_lab_interfaces' with the following arguments: {'ament_cmake_args': None, 'build_base': '/home/stilo759/TDDE05/ros2_ws/src/labs/build/air_lab_interfaces', 'catkin_cmake_args': None, 'catkin_skip_building_tests': False, 'cmake_args': None, 'cmake_clean_cache': False, 'cmake_clean_first': False, 'cmake_force_configure': False, 'cmake_target': None, 'cmake_target_skip_unavailable': False, 'install_base': '/home/stilo759/TDDE05/ros2_ws/src/labs/install/air_lab_interfaces', 'merge_install': False, 'path': '/home/stilo759/TDDE05/ros2_ws/src/labs/air_lab_interfaces', 'symlink_install': True, 'test_result_base': None}
[6.416s] Level 5:colcon.colcon_core.verb:set package 'air_lab3' build argument 'cmake_args' from command line to 'None'
[6.416s] Level 5:colcon.colcon_core.verb:set package 'air_lab3' build argument 'cmake_target' from command line to 'None'
[6.416s] Level 5:colcon.colcon_core.verb:set package 'air_lab3' build argument 'cmake_target_skip_unavailable' from command line to 'False'
[6.416s] Level 5:colcon.colcon_core.verb:set package 'air_lab3' build argument 'cmake_clean_cache' from command line to 'False'
[6.416s] Level 5:colcon.colcon_core.verb:set package 'air_lab3' build argument 'cmake_clean_first' from command line to 'False'
[6.416s] Level 5:colcon.colcon_core.verb:set package 'air_lab3' build argument 'cmake_force_configure' from command line to 'False'
[6.417s] Level 5:colcon.colcon_core.verb:set package 'air_lab3' build argument 'ament_cmake_args' from command line to 'None'
[6.417s] Level 5:colcon.colcon_core.verb:set package 'air_lab3' build argument 'catkin_cmake_args' from command line to 'None'
[6.417s] Level 5:colcon.colcon_core.verb:set package 'air_lab3' build argument 'catkin_skip_building_tests' from command line to 'False'
[6.417s] DEBUG:colcon.colcon_core.verb:Building package 'air_lab3' with the following arguments: {'ament_cmake_args': None, 'build_base': '/home/stilo759/TDDE05/ros2_ws/src/labs/build/air_lab3', 'catkin_cmake_args': None, 'catkin_skip_building_tests': False, 'cmake_args': None, 'cmake_clean_cache': False, 'cmake_clean_first': False, 'cmake_force_configure': False, 'cmake_target': None, 'cmake_target_skip_unavailable': False, 'install_base': '/home/stilo759/TDDE05/ros2_ws/src/labs/install/air_lab3', 'merge_install': False, 'path': '/home/stilo759/TDDE05/ros2_ws/src/labs/air_lab3', 'symlink_install': True, 'test_result_base': None}
[6.418s] INFO:colcon.colcon_core.executor:Executing jobs using 'parallel' executor
[6.423s] DEBUG:colcon.colcon_parallel_executor.executor.parallel:run_until_complete
[6.424s] INFO:colcon.colcon_ros.task.ament_cmake.build:Building ROS package in '/home/stilo759/TDDE05/ros2_ws/src/labs/air_lab_interfaces' with build type 'ament_cmake'
[6.424s] INFO:colcon.colcon_cmake.task.cmake.build:Building CMake package in '/home/stilo759/TDDE05/ros2_ws/src/labs/air_lab_interfaces'
[6.486s] INFO:colcon.colcon_core.plugin_system:Skipping extension 'colcon_core.shell.bat': Not used on non-Windows systems
[6.487s] INFO:colcon.colcon_core.shell:Skip shell extension 'powershell' for command environment: Not usable outside of PowerShell
[6.487s] DEBUG:colcon.colcon_core.shell:Skip shell extension 'dsv' for command environment
[6.795s] INFO:colcon.colcon_ros.task.ament_python.build:Building ROS package in '/home/stilo759/TDDE05/ros2_ws/src/labs/air_lab2' with build type 'ament_python'
[6.797s] Level 1:colcon.colcon_core.shell:create_environment_hook('air_lab2', 'ament_prefix_path')
[6.801s] INFO:colcon.colcon_core.shell:Creating environment hook '/home/stilo759/TDDE05/ros2_ws/src/labs/install/air_lab2/share/air_lab2/hook/ament_prefix_path.ps1'
[6.840s] INFO:colcon.colcon_core.shell:Creating environment descriptor '/home/stilo759/TDDE05/ros2_ws/src/labs/install/air_lab2/share/air_lab2/hook/ament_prefix_path.dsv'
[6.855s] INFO:colcon.colcon_core.shell:Creating environment hook '/home/stilo759/TDDE05/ros2_ws/src/labs/install/air_lab2/share/air_lab2/hook/ament_prefix_path.sh'
[6.876s] INFO:colcon.colcon_core.shell:Skip shell extension 'powershell' for command environment: Not usable outside of PowerShell
[6.876s] DEBUG:colcon.colcon_core.shell:Skip shell extension 'dsv' for command environment
[7.225s] INFO:colcon.colcon_ros.task.ament_python.build:Building ROS package in '/home/stilo759/TDDE05/ros2_ws/src/labs/air_lab5' with build type 'ament_python'
[7.226s] Level 1:colcon.colcon_core.shell:create_environment_hook('air_lab5', 'ament_prefix_path')
[7.230s] INFO:colcon.colcon_core.shell:Creating environment hook '/home/stilo759/TDDE05/ros2_ws/src/labs/install/air_lab5/share/air_lab5/hook/ament_prefix_path.ps1'
[7.271s] INFO:colcon.colcon_core.shell:Creating environment descriptor '/home/stilo759/TDDE05/ros2_ws/src/labs/install/air_lab5/share/air_lab5/hook/ament_prefix_path.dsv'
[7.292s] INFO:colcon.colcon_core.shell:Creating environment hook '/home/stilo759/TDDE05/ros2_ws/src/labs/install/air_lab5/share/air_lab5/hook/ament_prefix_path.sh'
[7.315s] INFO:colcon.colcon_core.shell:Skip shell extension 'powershell' for command environment: Not usable outside of PowerShell
[7.315s] DEBUG:colcon.colcon_core.shell:Skip shell extension 'dsv' for command environment
[7.833s] INFO:colcon.colcon_ros.task.ament_python.build:Building ROS package in '/home/stilo759/TDDE05/ros2_ws/src/labs/air_lab_common' with build type 'ament_python'
[7.834s] Level 1:colcon.colcon_core.shell:create_environment_hook('air_lab_common', 'ament_prefix_path')
[7.837s] INFO:colcon.colcon_core.shell:Creating environment hook '/home/stilo759/TDDE05/ros2_ws/src/labs/install/air_lab_common/share/air_lab_common/hook/ament_prefix_path.ps1'
[7.878s] INFO:colcon.colcon_core.shell:Creating environment descriptor '/home/stilo759/TDDE05/ros2_ws/src/labs/install/air_lab_common/share/air_lab_common/hook/ament_prefix_path.dsv'
[7.894s] INFO:colcon.colcon_core.shell:Creating environment hook '/home/stilo759/TDDE05/ros2_ws/src/labs/install/air_lab_common/share/air_lab_common/hook/ament_prefix_path.sh'
[7.914s] INFO:colcon.colcon_core.shell:Skip shell extension 'powershell' for command environment: Not usable outside of PowerShell
[7.914s] DEBUG:colcon.colcon_core.shell:Skip shell extension 'dsv' for command environment
[8.394s] DEBUG:colcon.colcon_core.event_handler.log_command:Invoking command in '/home/stilo759/TDDE05/ros2_ws/src/labs/build/air_lab_interfaces': CMAKE_PREFIX_PATH=${CMAKE_PREFIX_PATH}:/home/stilo759/TDDE05/ros2_ws/install/air_lab3:/home/stilo759/TDDE05/ros2_ws/install/air_lab_common:/home/stilo759/TDDE05/ros2_ws/install/air_lab_5:/home/stilo759/TDDE05/ros2_ws/install/air_lab5:/home/stilo759/TDDE05/ros2_ws/install/air_lab2:/courses/TDDE05/software/ros2_ws/install/air_tsts:/courses/TDDE05/software/ros2_ws/install/air_simple_sim:/courses/TDDE05/software/ros2_ws/install/air_bringup:/opt/ros/galactic /bin/cmake /home/stilo759/TDDE05/ros2_ws/src/labs/air_lab_interfaces -DAMENT_CMAKE_SYMLINK_INSTALL=1 -DCMAKE_INSTALL_PREFIX=/home/stilo759/TDDE05/ros2_ws/src/labs/install/air_lab_interfaces
[17.601s] INFO:colcon.colcon_core.task.python.build:Building Python package in '/home/stilo759/TDDE05/ros2_ws/src/labs/air_lab2'
[17.605s] INFO:colcon.colcon_core.shell:Skip shell extension 'powershell' for command environment: Not usable outside of PowerShell
[17.605s] DEBUG:colcon.colcon_core.shell:Skip shell extension 'dsv' for command environment
[26.313s] INFO:colcon.colcon_core.task.python.build:Building Python package in '/home/stilo759/TDDE05/ros2_ws/src/labs/air_lab5'
[26.317s] INFO:colcon.colcon_core.shell:Skip shell extension 'powershell' for command environment: Not usable outside of PowerShell
[26.318s] DEBUG:colcon.colcon_core.shell:Skip shell extension 'dsv' for command environment
[34.757s] INFO:colcon.colcon_core.task.python.build:Building Python package in '/home/stilo759/TDDE05/ros2_ws/src/labs/air_lab_common'
[34.761s] INFO:colcon.colcon_core.shell:Skip shell extension 'powershell' for command environment: Not usable outside of PowerShell
[34.761s] DEBUG:colcon.colcon_core.shell:Skip shell extension 'dsv' for command environment
[56.689s] DEBUG:colcon.colcon_core.event_handler.log_command:Invoking command in '/home/stilo759/TDDE05/ros2_ws/src/labs/build/air_lab5': PYTHONPATH=/home/stilo759/TDDE05/ros2_ws/src/labs/build/air_lab5/prefix_override:/home/stilo759/TDDE05/ros2_ws/src/labs/install/air_lab5/lib/python3.8/site-packages:${PYTHONPATH} /usr/bin/python3 setup.py develop --editable --build-directory /home/stilo759/TDDE05/ros2_ws/src/labs/build/air_lab5/build --no-deps install_data
[57.033s] DEBUG:colcon.colcon_core.event_handler.log_command:Invoking command in '/home/stilo759/TDDE05/ros2_ws/src/labs/build/air_lab2': PYTHONPATH=/home/stilo759/TDDE05/ros2_ws/src/labs/build/air_lab2/prefix_override:/home/stilo759/TDDE05/ros2_ws/src/labs/install/air_lab2/lib/python3.8/site-packages:${PYTHONPATH} /usr/bin/python3 setup.py develop --editable --build-directory /home/stilo759/TDDE05/ros2_ws/src/labs/build/air_lab2/build --no-deps install_data
[58.537s] DEBUG:colcon.colcon_core.event_handler.log_command:Invoking command in '/home/stilo759/TDDE05/ros2_ws/src/labs/build/air_lab_common': PYTHONPATH=/home/stilo759/TDDE05/ros2_ws/src/labs/build/air_lab_common/prefix_override:/home/stilo759/TDDE05/ros2_ws/src/labs/install/air_lab_common/lib/python3.8/site-packages:${PYTHONPATH} /usr/bin/python3 setup.py develop --editable --build-directory /home/stilo759/TDDE05/ros2_ws/src/labs/build/air_lab_common/build --no-deps install_data
[111.258s] Level 1:colcon.colcon_core.shell:create_environment_hook('air_lab2', 'pythonpath_develop')
[111.260s] DEBUG:colcon.colcon_core.event_handler.log_command:Invoked command in '/home/stilo759/TDDE05/ros2_ws/src/labs/build/air_lab2' returned '0': PYTHONPATH=/home/stilo759/TDDE05/ros2_ws/src/labs/build/air_lab2/prefix_override:/home/stilo759/TDDE05/ros2_ws/src/labs/install/air_lab2/lib/python3.8/site-packages:${PYTHONPATH} /usr/bin/python3 setup.py develop --editable --build-directory /home/stilo759/TDDE05/ros2_ws/src/labs/build/air_lab2/build --no-deps install_data
[111.271s] INFO:colcon.colcon_core.shell:Creating environment hook '/home/stilo759/TDDE05/ros2_ws/src/labs/build/air_lab2/share/air_lab2/hook/pythonpath_develop.ps1'
[111.384s] INFO:colcon.colcon_core.shell:Creating environment descriptor '/home/stilo759/TDDE05/ros2_ws/src/labs/build/air_lab2/share/air_lab2/hook/pythonpath_develop.dsv'
[111.414s] INFO:colcon.colcon_core.shell:Creating environment hook '/home/stilo759/TDDE05/ros2_ws/src/labs/build/air_lab2/share/air_lab2/hook/pythonpath_develop.sh'
[111.586s] Level 1:colcon.colcon_core.environment:checking '/home/stilo759/TDDE05/ros2_ws/src/labs/install/air_lab2' for CMake module files
[111.941s] Level 1:colcon.colcon_core.environment:checking '/home/stilo759/TDDE05/ros2_ws/src/labs/install/air_lab2' for CMake config files
[112.389s] Level 1:colcon.colcon_core.environment:checking '/home/stilo759/TDDE05/ros2_ws/src/labs/install/air_lab2/lib'
[112.449s] Level 1:colcon.colcon_core.environment:checking '/home/stilo759/TDDE05/ros2_ws/src/labs/install/air_lab2/bin'
[112.474s] Level 1:colcon.colcon_core.environment:checking '/home/stilo759/TDDE05/ros2_ws/src/labs/install/air_lab2/lib/pkgconfig/air_lab2.pc'
[112.491s] Level 1:colcon.colcon_core.environment:checking '/home/stilo759/TDDE05/ros2_ws/src/labs/install/air_lab2/lib/python3.8/site-packages'
[112.511s] Level 1:colcon.colcon_core.shell:create_environment_hook('air_lab2', 'pythonpath')
[112.514s] INFO:colcon.colcon_core.shell:Creating environment hook '/home/stilo759/TDDE05/ros2_ws/src/labs/install/air_lab2/share/air_lab2/hook/pythonpath.ps1'
[112.600s] INFO:colcon.colcon_core.shell:Creating environment descriptor '/home/stilo759/TDDE05/ros2_ws/src/labs/install/air_lab2/share/air_lab2/hook/pythonpath.dsv'
[112.663s] INFO:colcon.colcon_core.shell:Creating environment hook '/home/stilo759/TDDE05/ros2_ws/src/labs/install/air_lab2/share/air_lab2/hook/pythonpath.sh'
[112.720s] Level 1:colcon.colcon_core.environment:checking '/home/stilo759/TDDE05/ros2_ws/src/labs/install/air_lab2/bin'
[112.729s] Level 1:colcon.colcon_core.environment:create_environment_scripts_only(air_lab2)
[112.734s] INFO:colcon.colcon_core.shell:Creating package script '/home/stilo759/TDDE05/ros2_ws/src/labs/install/air_lab2/share/air_lab2/package.ps1'
[112.775s] INFO:colcon.colcon_core.shell:Creating package descriptor '/home/stilo759/TDDE05/ros2_ws/src/labs/install/air_lab2/share/air_lab2/package.dsv'
[112.829s] INFO:colcon.colcon_core.shell:Creating package script '/home/stilo759/TDDE05/ros2_ws/src/labs/install/air_lab2/share/air_lab2/package.sh'
[112.869s] INFO:colcon.colcon_core.shell:Creating package script '/home/stilo759/TDDE05/ros2_ws/src/labs/install/air_lab2/share/air_lab2/package.bash'
[112.914s] INFO:colcon.colcon_core.shell:Creating package script '/home/stilo759/TDDE05/ros2_ws/src/labs/install/air_lab2/share/air_lab2/package.zsh'
[112.952s] Level 1:colcon.colcon_core.environment:create_file_with_runtime_dependencies(/home/stilo759/TDDE05/ros2_ws/src/labs/install/air_lab2/share/colcon-core/packages/air_lab2)
[112.975s] Level 1:colcon.colcon_core.shell:create_environment_hook('air_lab5', 'pythonpath_develop')
[112.979s] INFO:colcon.colcon_core.shell:Creating environment hook '/home/stilo759/TDDE05/ros2_ws/src/labs/build/air_lab5/share/air_lab5/hook/pythonpath_develop.ps1'
[113.018s] DEBUG:colcon.colcon_core.event_handler.log_command:Invoked command in '/home/stilo759/TDDE05/ros2_ws/src/labs/build/air_lab5' returned '0': PYTHONPATH=/home/stilo759/TDDE05/ros2_ws/src/labs/build/air_lab5/prefix_override:/home/stilo759/TDDE05/ros2_ws/src/labs/install/air_lab5/lib/python3.8/site-packages:${PYTHONPATH} /usr/bin/python3 setup.py develop --editable --build-directory /home/stilo759/TDDE05/ros2_ws/src/labs/build/air_lab5/build --no-deps install_data
[113.046s] INFO:colcon.colcon_core.shell:Creating environment descriptor '/home/stilo759/TDDE05/ros2_ws/src/labs/build/air_lab5/share/air_lab5/hook/pythonpath_develop.dsv'
[113.077s] INFO:colcon.colcon_core.shell:Creating environment hook '/home/stilo759/TDDE05/ros2_ws/src/labs/build/air_lab5/share/air_lab5/hook/pythonpath_develop.sh'
[113.112s] Level 1:colcon.colcon_core.environment:checking '/home/stilo759/TDDE05/ros2_ws/src/labs/install/air_lab5' for CMake module files
[113.382s] Level 1:colcon.colcon_core.environment:checking '/home/stilo759/TDDE05/ros2_ws/src/labs/install/air_lab5' for CMake config files
[113.544s] Level 1:colcon.colcon_core.environment:checking '/home/stilo759/TDDE05/ros2_ws/src/labs/install/air_lab5/lib'
[113.556s] Level 1:colcon.colcon_core.environment:checking '/home/stilo759/TDDE05/ros2_ws/src/labs/install/air_lab5/bin'
[113.562s] Level 1:colcon.colcon_core.environment:checking '/home/stilo759/TDDE05/ros2_ws/src/labs/install/air_lab5/lib/pkgconfig/air_lab5.pc'
[113.570s] Level 1:colcon.colcon_core.environment:checking '/home/stilo759/TDDE05/ros2_ws/src/labs/install/air_lab5/lib/python3.8/site-packages'
[113.575s] Level 1:colcon.colcon_core.shell:create_environment_hook('air_lab5', 'pythonpath')
[113.577s] INFO:colcon.colcon_core.shell:Creating environment hook '/home/stilo759/TDDE05/ros2_ws/src/labs/install/air_lab5/share/air_lab5/hook/pythonpath.ps1'
[113.597s] INFO:colcon.colcon_core.shell:Creating environment descriptor '/home/stilo759/TDDE05/ros2_ws/src/labs/install/air_lab5/share/air_lab5/hook/pythonpath.dsv'
[113.626s] INFO:colcon.colcon_core.shell:Creating environment hook '/home/stilo759/TDDE05/ros2_ws/src/labs/install/air_lab5/share/air_lab5/hook/pythonpath.sh'
[113.646s] Level 1:colcon.colcon_core.environment:checking '/home/stilo759/TDDE05/ros2_ws/src/labs/install/air_lab5/bin'
[113.649s] Level 1:colcon.colcon_core.environment:create_environment_scripts_only(air_lab5)
[113.653s] INFO:colcon.colcon_core.shell:Creating package script '/home/stilo759/TDDE05/ros2_ws/src/labs/install/air_lab5/share/air_lab5/package.ps1'
[113.675s] INFO:colcon.colcon_core.shell:Creating package descriptor '/home/stilo759/TDDE05/ros2_ws/src/labs/install/air_lab5/share/air_lab5/package.dsv'
[113.719s] INFO:colcon.colcon_core.shell:Creating package script '/home/stilo759/TDDE05/ros2_ws/src/labs/install/air_lab5/share/air_lab5/package.sh'
[113.737s] INFO:colcon.colcon_core.shell:Creating package script '/home/stilo759/TDDE05/ros2_ws/src/labs/install/air_lab5/share/air_lab5/package.bash'
[113.756s] INFO:colcon.colcon_core.shell:Creating package script '/home/stilo759/TDDE05/ros2_ws/src/labs/install/air_lab5/share/air_lab5/package.zsh'
[113.781s] Level 1:colcon.colcon_core.environment:create_file_with_runtime_dependencies(/home/stilo759/TDDE05/ros2_ws/src/labs/install/air_lab5/share/colcon-core/packages/air_lab5)
[113.810s] Level 1:colcon.colcon_core.shell:create_environment_hook('air_lab_common', 'pythonpath_develop')
[113.813s] INFO:colcon.colcon_core.shell:Creating environment hook '/home/stilo759/TDDE05/ros2_ws/src/labs/build/air_lab_common/share/air_lab_common/hook/pythonpath_develop.ps1'
[113.852s] DEBUG:colcon.colcon_core.event_handler.log_command:Invoked command in '/home/stilo759/TDDE05/ros2_ws/src/labs/build/air_lab_common' returned '0': PYTHONPATH=/home/stilo759/TDDE05/ros2_ws/src/labs/build/air_lab_common/prefix_override:/home/stilo759/TDDE05/ros2_ws/src/labs/install/air_lab_common/lib/python3.8/site-packages:${PYTHONPATH} /usr/bin/python3 setup.py develop --editable --build-directory /home/stilo759/TDDE05/ros2_ws/src/labs/build/air_lab_common/build --no-deps install_data
[113.877s] INFO:colcon.colcon_core.shell:Creating environment descriptor '/home/stilo759/TDDE05/ros2_ws/src/labs/build/air_lab_common/share/air_lab_common/hook/pythonpath_develop.dsv'
[113.905s] INFO:colcon.colcon_core.shell:Creating environment hook '/home/stilo759/TDDE05/ros2_ws/src/labs/build/air_lab_common/share/air_lab_common/hook/pythonpath_develop.sh'
[113.934s] Level 1:colcon.colcon_core.environment:checking '/home/stilo759/TDDE05/ros2_ws/src/labs/install/air_lab_common' for CMake module files
[114.163s] Level 1:colcon.colcon_core.environment:checking '/home/stilo759/TDDE05/ros2_ws/src/labs/install/air_lab_common' for CMake config files
[114.310s] Level 1:colcon.colcon_core.environment:checking '/home/stilo759/TDDE05/ros2_ws/src/labs/install/air_lab_common/lib'
[114.317s] Level 1:colcon.colcon_core.environment:checking '/home/stilo759/TDDE05/ros2_ws/src/labs/install/air_lab_common/bin'
[114.321s] Level 1:colcon.colcon_core.environment:checking '/home/stilo759/TDDE05/ros2_ws/src/labs/install/air_lab_common/lib/pkgconfig/air_lab_common.pc'
[114.327s] Level 1:colcon.colcon_core.environment:checking '/home/stilo759/TDDE05/ros2_ws/src/labs/install/air_lab_common/lib/python3.8/site-packages'
[114.331s] Level 1:colcon.colcon_core.shell:create_environment_hook('air_lab_common', 'pythonpath')
[114.334s] INFO:colcon.colcon_core.shell:Creating environment hook '/home/stilo759/TDDE05/ros2_ws/src/labs/install/air_lab_common/share/air_lab_common/hook/pythonpath.ps1'
[114.357s] INFO:colcon.colcon_core.shell:Creating environment descriptor '/home/stilo759/TDDE05/ros2_ws/src/labs/install/air_lab_common/share/air_lab_common/hook/pythonpath.dsv'
[114.382s] INFO:colcon.colcon_core.shell:Creating environment hook '/home/stilo759/TDDE05/ros2_ws/src/labs/install/air_lab_common/share/air_lab_common/hook/pythonpath.sh'
[114.412s] Level 1:colcon.colcon_core.environment:checking '/home/stilo759/TDDE05/ros2_ws/src/labs/install/air_lab_common/bin'
[114.419s] Level 1:colcon.colcon_core.environment:create_environment_scripts_only(air_lab_common)
[114.422s] INFO:colcon.colcon_core.shell:Creating package script '/home/stilo759/TDDE05/ros2_ws/src/labs/install/air_lab_common/share/air_lab_common/package.ps1'
[114.446s] INFO:colcon.colcon_core.shell:Creating package descriptor '/home/stilo759/TDDE05/ros2_ws/src/labs/install/air_lab_common/share/air_lab_common/package.dsv'
[114.469s] INFO:colcon.colcon_core.shell:Creating package script '/home/stilo759/TDDE05/ros2_ws/src/labs/install/air_lab_common/share/air_lab_common/package.sh'
[114.507s] INFO:colcon.colcon_core.shell:Creating package script '/home/stilo759/TDDE05/ros2_ws/src/labs/install/air_lab_common/share/air_lab_common/package.bash'
[114.534s] INFO:colcon.colcon_core.shell:Creating package script '/home/stilo759/TDDE05/ros2_ws/src/labs/install/air_lab_common/share/air_lab_common/package.zsh'
[114.569s] Level 1:colcon.colcon_core.environment:create_file_with_runtime_dependencies(/home/stilo759/TDDE05/ros2_ws/src/labs/install/air_lab_common/share/colcon-core/packages/air_lab_common)
[240.916s] DEBUG:colcon.colcon_core.event_handler.log_command:Invoked command in '/home/stilo759/TDDE05/ros2_ws/src/labs/build/air_lab_interfaces' returned '0': CMAKE_PREFIX_PATH=${CMAKE_PREFIX_PATH}:/home/stilo759/TDDE05/ros2_ws/install/air_lab3:/home/stilo759/TDDE05/ros2_ws/install/air_lab_common:/home/stilo759/TDDE05/ros2_ws/install/air_lab_5:/home/stilo759/TDDE05/ros2_ws/install/air_lab5:/home/stilo759/TDDE05/ros2_ws/install/air_lab2:/courses/TDDE05/software/ros2_ws/install/air_tsts:/courses/TDDE05/software/ros2_ws/install/air_simple_sim:/courses/TDDE05/software/ros2_ws/install/air_bringup:/opt/ros/galactic /bin/cmake /home/stilo759/TDDE05/ros2_ws/src/labs/air_lab_interfaces -DAMENT_CMAKE_SYMLINK_INSTALL=1 -DCMAKE_INSTALL_PREFIX=/home/stilo759/TDDE05/ros2_ws/src/labs/install/air_lab_interfaces
[240.985s] DEBUG:colcon.colcon_core.event_handler.log_command:Invoking command in '/home/stilo759/TDDE05/ros2_ws/src/labs/build/air_lab_interfaces': CMAKE_PREFIX_PATH=${CMAKE_PREFIX_PATH}:/home/stilo759/TDDE05/ros2_ws/install/air_lab3:/home/stilo759/TDDE05/ros2_ws/install/air_lab_common:/home/stilo759/TDDE05/ros2_ws/install/air_lab_5:/home/stilo759/TDDE05/ros2_ws/install/air_lab5:/home/stilo759/TDDE05/ros2_ws/install/air_lab2:/courses/TDDE05/software/ros2_ws/install/air_tsts:/courses/TDDE05/software/ros2_ws/install/air_simple_sim:/courses/TDDE05/software/ros2_ws/install/air_bringup:/opt/ros/galactic /bin/cmake --build /home/stilo759/TDDE05/ros2_ws/src/labs/build/air_lab_interfaces -- -j20 -l20
[414.898s] DEBUG:colcon.colcon_core.event_handler.log_command:Invoked command in '/home/stilo759/TDDE05/ros2_ws/src/labs/build/air_lab_interfaces' returned '0': CMAKE_PREFIX_PATH=${CMAKE_PREFIX_PATH}:/home/stilo759/TDDE05/ros2_ws/install/air_lab3:/home/stilo759/TDDE05/ros2_ws/install/air_lab_common:/home/stilo759/TDDE05/ros2_ws/install/air_lab_5:/home/stilo759/TDDE05/ros2_ws/install/air_lab5:/home/stilo759/TDDE05/ros2_ws/install/air_lab2:/courses/TDDE05/software/ros2_ws/install/air_tsts:/courses/TDDE05/software/ros2_ws/install/air_simple_sim:/courses/TDDE05/software/ros2_ws/install/air_bringup:/opt/ros/galactic /bin/cmake --build /home/stilo759/TDDE05/ros2_ws/src/labs/build/air_lab_interfaces -- -j20 -l20
[460.478s] DEBUG:colcon.colcon_core.event_handler.log_command:Invoking command in '/home/stilo759/TDDE05/ros2_ws/src/labs/build/air_lab_interfaces': CMAKE_PREFIX_PATH=${CMAKE_PREFIX_PATH}:/home/stilo759/TDDE05/ros2_ws/install/air_lab3:/home/stilo759/TDDE05/ros2_ws/install/air_lab_common:/home/stilo759/TDDE05/ros2_ws/install/air_lab_5:/home/stilo759/TDDE05/ros2_ws/install/air_lab5:/home/stilo759/TDDE05/ros2_ws/install/air_lab2:/courses/TDDE05/software/ros2_ws/install/air_tsts:/courses/TDDE05/software/ros2_ws/install/air_simple_sim:/courses/TDDE05/software/ros2_ws/install/air_bringup:/opt/ros/galactic /bin/cmake --install /home/stilo759/TDDE05/ros2_ws/src/labs/build/air_lab_interfaces
[591.078s] Level 1:colcon.colcon_core.environment:create_environment_scripts_only(air_lab_interfaces)
[591.080s] DEBUG:colcon.colcon_core.event_handler.log_command:Invoked command in '/home/stilo759/TDDE05/ros2_ws/src/labs/build/air_lab_interfaces' returned '0': CMAKE_PREFIX_PATH=${CMAKE_PREFIX_PATH}:/home/stilo759/TDDE05/ros2_ws/install/air_lab3:/home/stilo759/TDDE05/ros2_ws/install/air_lab_common:/home/stilo759/TDDE05/ros2_ws/install/air_lab_5:/home/stilo759/TDDE05/ros2_ws/install/air_lab5:/home/stilo759/TDDE05/ros2_ws/install/air_lab2:/courses/TDDE05/software/ros2_ws/install/air_tsts:/courses/TDDE05/software/ros2_ws/install/air_simple_sim:/courses/TDDE05/software/ros2_ws/install/air_bringup:/opt/ros/galactic /bin/cmake --install /home/stilo759/TDDE05/ros2_ws/src/labs/build/air_lab_interfaces
[591.088s] Level 1:colcon.colcon_core.environment:checking '/home/stilo759/TDDE05/ros2_ws/src/labs/install/air_lab_interfaces' for CMake module files
[591.358s] Level 1:colcon.colcon_core.environment:checking '/home/stilo759/TDDE05/ros2_ws/src/labs/install/air_lab_interfaces' for CMake config files
[591.788s] Level 1:colcon.colcon_core.shell:create_environment_hook('air_lab_interfaces', 'cmake_prefix_path')
[591.793s] INFO:colcon.colcon_core.shell:Creating environment hook '/home/stilo759/TDDE05/ros2_ws/src/labs/install/air_lab_interfaces/share/air_lab_interfaces/hook/cmake_prefix_path.ps1'
[591.808s] INFO:colcon.colcon_core.shell:Creating environment descriptor '/home/stilo759/TDDE05/ros2_ws/src/labs/install/air_lab_interfaces/share/air_lab_interfaces/hook/cmake_prefix_path.dsv'
[591.829s] INFO:colcon.colcon_core.shell:Creating environment hook '/home/stilo759/TDDE05/ros2_ws/src/labs/install/air_lab_interfaces/share/air_lab_interfaces/hook/cmake_prefix_path.sh'
[591.861s] Level 1:colcon.colcon_core.environment:checking '/home/stilo759/TDDE05/ros2_ws/src/labs/install/air_lab_interfaces/lib'
[591.873s] Level 1:colcon.colcon_core.shell:create_environment_hook('air_lab_interfaces', 'ld_library_path_lib')
[591.876s] INFO:colcon.colcon_core.shell:Creating environment hook '/home/stilo759/TDDE05/ros2_ws/src/labs/install/air_lab_interfaces/share/air_lab_interfaces/hook/ld_library_path_lib.ps1'
[591.897s] INFO:colcon.colcon_core.shell:Creating environment descriptor '/home/stilo759/TDDE05/ros2_ws/src/labs/install/air_lab_interfaces/share/air_lab_interfaces/hook/ld_library_path_lib.dsv'
[591.918s] INFO:colcon.colcon_core.shell:Creating environment hook '/home/stilo759/TDDE05/ros2_ws/src/labs/install/air_lab_interfaces/share/air_lab_interfaces/hook/ld_library_path_lib.sh'
[591.944s] Level 1:colcon.colcon_core.environment:checking '/home/stilo759/TDDE05/ros2_ws/src/labs/install/air_lab_interfaces/bin'
[591.947s] Level 1:colcon.colcon_core.environment:checking '/home/stilo759/TDDE05/ros2_ws/src/labs/install/air_lab_interfaces/lib/pkgconfig/air_lab_interfaces.pc'
[591.951s] Level 1:colcon.colcon_core.environment:checking '/home/stilo759/TDDE05/ros2_ws/src/labs/install/air_lab_interfaces/lib/python3.8/site-packages'
[591.953s] Level 1:colcon.colcon_core.shell:create_environment_hook('air_lab_interfaces', 'pythonpath')
[591.956s] INFO:colcon.colcon_core.shell:Creating environment hook '/home/stilo759/TDDE05/ros2_ws/src/labs/install/air_lab_interfaces/share/air_lab_interfaces/hook/pythonpath.ps1'
[591.982s] INFO:colcon.colcon_core.shell:Creating environment descriptor '/home/stilo759/TDDE05/ros2_ws/src/labs/install/air_lab_interfaces/share/air_lab_interfaces/hook/pythonpath.dsv'
[592.005s] INFO:colcon.colcon_core.shell:Creating environment hook '/home/stilo759/TDDE05/ros2_ws/src/labs/install/air_lab_interfaces/share/air_lab_interfaces/hook/pythonpath.sh'
[592.036s] Level 1:colcon.colcon_core.environment:checking '/home/stilo759/TDDE05/ros2_ws/src/labs/install/air_lab_interfaces/bin'
[592.044s] INFO:colcon.colcon_core.shell:Creating package script '/home/stilo759/TDDE05/ros2_ws/src/labs/install/air_lab_interfaces/share/air_lab_interfaces/package.ps1'
[592.068s] INFO:colcon.colcon_core.shell:Creating package descriptor '/home/stilo759/TDDE05/ros2_ws/src/labs/install/air_lab_interfaces/share/air_lab_interfaces/package.dsv'
[592.089s] INFO:colcon.colcon_core.shell:Creating package script '/home/stilo759/TDDE05/ros2_ws/src/labs/install/air_lab_interfaces/share/air_lab_interfaces/package.sh'
[592.108s] INFO:colcon.colcon_core.shell:Creating package script '/home/stilo759/TDDE05/ros2_ws/src/labs/install/air_lab_interfaces/share/air_lab_interfaces/package.bash'
[592.125s] INFO:colcon.colcon_core.shell:Creating package script '/home/stilo759/TDDE05/ros2_ws/src/labs/install/air_lab_interfaces/share/air_lab_interfaces/package.zsh'
[592.142s] Level 1:colcon.colcon_core.environment:create_file_with_runtime_dependencies(/home/stilo759/TDDE05/ros2_ws/src/labs/install/air_lab_interfaces/share/colcon-core/packages/air_lab_interfaces)
[638.361s] Level 1:colcon.colcon_core.environment:create_environment_scripts_only(air_lab_interfaces)
[638.364s] Level 1:colcon.colcon_core.environment:checking '/home/stilo759/TDDE05/ros2_ws/src/labs/install/air_lab_interfaces' for CMake module files
[638.574s] Level 1:colcon.colcon_core.environment:checking '/home/stilo759/TDDE05/ros2_ws/src/labs/install/air_lab_interfaces' for CMake config files
[639.011s] Level 1:colcon.colcon_core.shell:create_environment_hook('air_lab_interfaces', 'cmake_prefix_path')
[639.014s] INFO:colcon.colcon_core.shell:Creating environment hook '/home/stilo759/TDDE05/ros2_ws/src/labs/install/air_lab_interfaces/share/air_lab_interfaces/hook/cmake_prefix_path.ps1'
[639.041s] INFO:colcon.colcon_core.shell:Creating environment descriptor '/home/stilo759/TDDE05/ros2_ws/src/labs/install/air_lab_interfaces/share/air_lab_interfaces/hook/cmake_prefix_path.dsv'
[639.062s] INFO:colcon.colcon_core.shell:Creating environment hook '/home/stilo759/TDDE05/ros2_ws/src/labs/install/air_lab_interfaces/share/air_lab_interfaces/hook/cmake_prefix_path.sh'
[639.089s] Level 1:colcon.colcon_core.environment:checking '/home/stilo759/TDDE05/ros2_ws/src/labs/install/air_lab_interfaces/lib'
[639.098s] Level 1:colcon.colcon_core.shell:create_environment_hook('air_lab_interfaces', 'ld_library_path_lib')
[639.101s] INFO:colcon.colcon_core.shell:Creating environment hook '/home/stilo759/TDDE05/ros2_ws/src/labs/install/air_lab_interfaces/share/air_lab_interfaces/hook/ld_library_path_lib.ps1'
[639.121s] INFO:colcon.colcon_core.shell:Creating environment descriptor '/home/stilo759/TDDE05/ros2_ws/src/labs/install/air_lab_interfaces/share/air_lab_interfaces/hook/ld_library_path_lib.dsv'
[639.137s] INFO:colcon.colcon_core.shell:Creating environment hook '/home/stilo759/TDDE05/ros2_ws/src/labs/install/air_lab_interfaces/share/air_lab_interfaces/hook/ld_library_path_lib.sh'
[639.154s] Level 1:colcon.colcon_core.environment:checking '/home/stilo759/TDDE05/ros2_ws/src/labs/install/air_lab_interfaces/bin'
[639.157s] Level 1:colcon.colcon_core.environment:checking '/home/stilo759/TDDE05/ros2_ws/src/labs/install/air_lab_interfaces/lib/pkgconfig/air_lab_interfaces.pc'
[639.161s] Level 1:colcon.colcon_core.environment:checking '/home/stilo759/TDDE05/ros2_ws/src/labs/install/air_lab_interfaces/lib/python3.8/site-packages'
[639.164s] Level 1:colcon.colcon_core.shell:create_environment_hook('air_lab_interfaces', 'pythonpath')
[639.167s] INFO:colcon.colcon_core.shell:Creating environment hook '/home/stilo759/TDDE05/ros2_ws/src/labs/install/air_lab_interfaces/share/air_lab_interfaces/hook/pythonpath.ps1'
[639.190s] INFO:colcon.colcon_core.shell:Creating environment descriptor '/home/stilo759/TDDE05/ros2_ws/src/labs/install/air_lab_interfaces/share/air_lab_interfaces/hook/pythonpath.dsv'
[639.203s] INFO:colcon.colcon_core.shell:Creating environment hook '/home/stilo759/TDDE05/ros2_ws/src/labs/install/air_lab_interfaces/share/air_lab_interfaces/hook/pythonpath.sh'
[639.224s] Level 1:colcon.colcon_core.environment:checking '/home/stilo759/TDDE05/ros2_ws/src/labs/install/air_lab_interfaces/bin'
[639.231s] INFO:colcon.colcon_core.shell:Creating package script '/home/stilo759/TDDE05/ros2_ws/src/labs/install/air_lab_interfaces/share/air_lab_interfaces/package.ps1'
[639.247s] INFO:colcon.colcon_core.shell:Creating package descriptor '/home/stilo759/TDDE05/ros2_ws/src/labs/install/air_lab_interfaces/share/air_lab_interfaces/package.dsv'
[639.269s] INFO:colcon.colcon_core.shell:Creating package script '/home/stilo759/TDDE05/ros2_ws/src/labs/install/air_lab_interfaces/share/air_lab_interfaces/package.sh'
[639.285s] INFO:colcon.colcon_core.shell:Creating package script '/home/stilo759/TDDE05/ros2_ws/src/labs/install/air_lab_interfaces/share/air_lab_interfaces/package.bash'
[639.304s] INFO:colcon.colcon_core.shell:Creating package script '/home/stilo759/TDDE05/ros2_ws/src/labs/install/air_lab_interfaces/share/air_lab_interfaces/package.zsh'
[639.325s] Level 1:colcon.colcon_core.environment:create_file_with_runtime_dependencies(/home/stilo759/TDDE05/ros2_ws/src/labs/install/air_lab_interfaces/share/colcon-core/packages/air_lab_interfaces)
[639.338s] INFO:colcon.colcon_ros.task.ament_python.build:Building ROS package in '/home/stilo759/TDDE05/ros2_ws/src/labs/air_lab3' with build type 'ament_python'
[639.338s] Level 1:colcon.colcon_core.shell:create_environment_hook('air_lab3', 'ament_prefix_path')
[639.341s] INFO:colcon.colcon_core.shell:Creating environment hook '/home/stilo759/TDDE05/ros2_ws/src/labs/install/air_lab3/share/air_lab3/hook/ament_prefix_path.ps1'
[639.392s] INFO:colcon.colcon_core.shell:Creating environment descriptor '/home/stilo759/TDDE05/ros2_ws/src/labs/install/air_lab3/share/air_lab3/hook/ament_prefix_path.dsv'
[639.409s] INFO:colcon.colcon_core.shell:Creating environment hook '/home/stilo759/TDDE05/ros2_ws/src/labs/install/air_lab3/share/air_lab3/hook/ament_prefix_path.sh'
[639.428s] INFO:colcon.colcon_core.shell:Skip shell extension 'powershell' for command environment: Not usable outside of PowerShell
[639.429s] DEBUG:colcon.colcon_core.shell:Skip shell extension 'dsv' for command environment
[648.933s] INFO:colcon.colcon_core.task.python.build:Building Python package in '/home/stilo759/TDDE05/ros2_ws/src/labs/air_lab3'
[648.938s] INFO:colcon.colcon_core.shell:Skip shell extension 'powershell' for command environment: Not usable outside of PowerShell
[648.941s] DEBUG:colcon.colcon_core.shell:Skip shell extension 'dsv' for command environment
[663.511s] DEBUG:colcon.colcon_core.event_handler.log_command:Invoking command in '/home/stilo759/TDDE05/ros2_ws/src/labs/build/air_lab3': AMENT_PREFIX_PATH=/home/stilo759/TDDE05/ros2_ws/src/labs/install/air_lab_interfaces:${AMENT_PREFIX_PATH} CMAKE_PREFIX_PATH=/home/stilo759/TDDE05/ros2_ws/src/labs/install/air_lab_interfaces:${CMAKE_PREFIX_PATH} LD_LIBRARY_PATH=/home/stilo759/TDDE05/ros2_ws/src/labs/install/air_lab_interfaces/lib:${LD_LIBRARY_PATH} PYTHONPATH=/home/stilo759/TDDE05/ros2_ws/src/labs/build/air_lab3/prefix_override:/home/stilo759/TDDE05/ros2_ws/src/labs/install/air_lab3/lib/python3.8/site-packages:/home/stilo759/TDDE05/ros2_ws/src/labs/install/air_lab_interfaces/lib/python3.8/site-packages:${PYTHONPATH} /usr/bin/python3 setup.py develop --editable --build-directory /home/stilo759/TDDE05/ros2_ws/src/labs/build/air_lab3/build --no-deps install_data
[698.075s] Level 1:colcon.colcon_core.shell:create_environment_hook('air_lab3', 'pythonpath_develop')
[698.080s] INFO:colcon.colcon_core.shell:Creating environment hook '/home/stilo759/TDDE05/ros2_ws/src/labs/build/air_lab3/share/air_lab3/hook/pythonpath_develop.ps1'
[698.081s] DEBUG:colcon.colcon_core.event_handler.log_command:Invoked command in '/home/stilo759/TDDE05/ros2_ws/src/labs/build/air_lab3' returned '0': AMENT_PREFIX_PATH=/home/stilo759/TDDE05/ros2_ws/src/labs/install/air_lab_interfaces:${AMENT_PREFIX_PATH} CMAKE_PREFIX_PATH=/home/stilo759/TDDE05/ros2_ws/src/labs/install/air_lab_interfaces:${CMAKE_PREFIX_PATH} LD_LIBRARY_PATH=/home/stilo759/TDDE05/ros2_ws/src/labs/install/air_lab_interfaces/lib:${LD_LIBRARY_PATH} PYTHONPATH=/home/stilo759/TDDE05/ros2_ws/src/labs/build/air_lab3/prefix_override:/home/stilo759/TDDE05/ros2_ws/src/labs/install/air_lab3/lib/python3.8/site-packages:/home/stilo759/TDDE05/ros2_ws/src/labs/install/air_lab_interfaces/lib/python3.8/site-packages:${PYTHONPATH} /usr/bin/python3 setup.py develop --editable --build-directory /home/stilo759/TDDE05/ros2_ws/src/labs/build/air_lab3/build --no-deps install_data
[698.144s] INFO:colcon.colcon_core.shell:Creating environment descriptor '/home/stilo759/TDDE05/ros2_ws/src/labs/build/air_lab3/share/air_lab3/hook/pythonpath_develop.dsv'
[698.193s] INFO:colcon.colcon_core.shell:Creating environment hook '/home/stilo759/TDDE05/ros2_ws/src/labs/build/air_lab3/share/air_lab3/hook/pythonpath_develop.sh'
[698.245s] Level 1:colcon.colcon_core.environment:checking '/home/stilo759/TDDE05/ros2_ws/src/labs/install/air_lab3' for CMake module files
[698.461s] Level 1:colcon.colcon_core.environment:checking '/home/stilo759/TDDE05/ros2_ws/src/labs/install/air_lab3' for CMake config files
[698.616s] Level 1:colcon.colcon_core.environment:checking '/home/stilo759/TDDE05/ros2_ws/src/labs/install/air_lab3/lib'
[698.627s] Level 1:colcon.colcon_core.environment:checking '/home/stilo759/TDDE05/ros2_ws/src/labs/install/air_lab3/bin'
[698.633s] Level 1:colcon.colcon_core.environment:checking '/home/stilo759/TDDE05/ros2_ws/src/labs/install/air_lab3/lib/pkgconfig/air_lab3.pc'
[698.638s] Level 1:colcon.colcon_core.environment:checking '/home/stilo759/TDDE05/ros2_ws/src/labs/install/air_lab3/lib/python3.8/site-packages'
[698.647s] Level 1:colcon.colcon_core.shell:create_environment_hook('air_lab3', 'pythonpath')
[698.650s] INFO:colcon.colcon_core.shell:Creating environment hook '/home/stilo759/TDDE05/ros2_ws/src/labs/install/air_lab3/share/air_lab3/hook/pythonpath.ps1'
[698.692s] INFO:colcon.colcon_core.shell:Creating environment descriptor '/home/stilo759/TDDE05/ros2_ws/src/labs/install/air_lab3/share/air_lab3/hook/pythonpath.dsv'
[698.718s] INFO:colcon.colcon_core.shell:Creating environment hook '/home/stilo759/TDDE05/ros2_ws/src/labs/install/air_lab3/share/air_lab3/hook/pythonpath.sh'
[698.746s] Level 1:colcon.colcon_core.environment:checking '/home/stilo759/TDDE05/ros2_ws/src/labs/install/air_lab3/bin'
[698.751s] Level 1:colcon.colcon_core.environment:create_environment_scripts_only(air_lab3)
[698.754s] INFO:colcon.colcon_core.shell:Creating package script '/home/stilo759/TDDE05/ros2_ws/src/labs/install/air_lab3/share/air_lab3/package.ps1'
[698.785s] INFO:colcon.colcon_core.shell:Creating package descriptor '/home/stilo759/TDDE05/ros2_ws/src/labs/install/air_lab3/share/air_lab3/package.dsv'
[698.824s] INFO:colcon.colcon_core.shell:Creating package script '/home/stilo759/TDDE05/ros2_ws/src/labs/install/air_lab3/share/air_lab3/package.sh'
[698.851s] INFO:colcon.colcon_core.shell:Creating package script '/home/stilo759/TDDE05/ros2_ws/src/labs/install/air_lab3/share/air_lab3/package.bash'
[698.886s] INFO:colcon.colcon_core.shell:Creating package script '/home/stilo759/TDDE05/ros2_ws/src/labs/install/air_lab3/share/air_lab3/package.zsh'
[698.938s] Level 1:colcon.colcon_core.environment:create_file_with_runtime_dependencies(/home/stilo759/TDDE05/ros2_ws/src/labs/install/air_lab3/share/colcon-core/packages/air_lab3)
[698.996s] DEBUG:colcon.colcon_parallel_executor.executor.parallel:closing loop
[698.997s] DEBUG:colcon.colcon_parallel_executor.executor.parallel:loop closed
[698.997s] DEBUG:colcon.colcon_parallel_executor.executor.parallel:run_until_complete finished with '0'
[698.997s] DEBUG:colcon.colcon_core.event_reactor:joining thread
[699.493s] INFO:colcon.colcon_core.plugin_system:Skipping extension 'colcon_notification.desktop_notification.terminal_notifier': Not used on non-Darwin systems
[699.493s] INFO:colcon.colcon_core.plugin_system:Skipping extension 'colcon_notification.desktop_notification.win32': Not used on non-Windows systems
[699.493s] INFO:colcon.colcon_notification.desktop_notification:Sending desktop notification using 'notify2'
[699.991s] DEBUG:colcon.colcon_core.event_reactor:joined thread
[699.995s] INFO:colcon.colcon_core.shell:Creating prefix script '/home/stilo759/TDDE05/ros2_ws/src/labs/install/local_setup.ps1'
[700.028s] INFO:colcon.colcon_core.shell:Creating prefix util module '/home/stilo759/TDDE05/ros2_ws/src/labs/install/_local_setup_util_ps1.py'
[700.060s] INFO:colcon.colcon_core.shell:Creating prefix chain script '/home/stilo759/TDDE05/ros2_ws/src/labs/install/setup.ps1'
[700.270s] INFO:colcon.colcon_core.shell:Creating prefix script '/home/stilo759/TDDE05/ros2_ws/src/labs/install/local_setup.sh'
[700.317s] INFO:colcon.colcon_core.shell:Creating prefix util module '/home/stilo759/TDDE05/ros2_ws/src/labs/install/_local_setup_util_sh.py'
[700.355s] INFO:colcon.colcon_core.shell:Creating prefix chain script '/home/stilo759/TDDE05/ros2_ws/src/labs/install/setup.sh'
[700.674s] INFO:colcon.colcon_core.shell:Creating prefix script '/home/stilo759/TDDE05/ros2_ws/src/labs/install/local_setup.bash'
[700.730s] INFO:colcon.colcon_core.shell:Creating prefix chain script '/home/stilo759/TDDE05/ros2_ws/src/labs/install/setup.bash'
[700.974s] INFO:colcon.colcon_core.shell:Creating prefix script '/home/stilo759/TDDE05/ros2_ws/src/labs/install/local_setup.zsh'
[701.011s] INFO:colcon.colcon_core.shell:Creating prefix chain script '/home/stilo759/TDDE05/ros2_ws/src/labs/install/setup.zsh'
