running develop
running egg_info
creating air_lab3.egg-info
writing air_lab3.egg-info/PKG-INFO
writing dependency_links to air_lab3.egg-info/dependency_links.txt
writing entry points to air_lab3.egg-info/entry_points.txt
writing requirements to air_lab3.egg-info/requires.txt
writing top-level names to air_lab3.egg-info/top_level.txt
writing manifest file 'air_lab3.egg-info/SOURCES.txt'
reading manifest file 'air_lab3.egg-info/SOURCES.txt'
writing manifest file 'air_lab3.egg-info/SOURCES.txt'
running build_ext
Creating /home/stilo759/TDDE05/ros2_ws/src/labs/install/air_lab3/lib/python3.8/site-packages/site.py
Creating /home/stilo759/TDDE05/ros2_ws/src/labs/install/air_lab3/lib/python3.8/site-packages/air-lab3.egg-link (link to .)
Installing abort script to /home/stilo759/TDDE05/ros2_ws/src/labs/install/air_lab3/lib/air_lab3
Installing create_tst script to /home/stilo759/TDDE05/ros2_ws/src/labs/install/air_lab3/lib/air_lab3
Installing execute_tst script to /home/stilo759/TDDE05/ros2_ws/src/labs/install/air_lab3/lib/air_lab3
Installing pause script to /home/stilo759/TDDE05/ros2_ws/src/labs/install/air_lab3/lib/air_lab3
Installing resume script to /home/stilo759/TDDE05/ros2_ws/src/labs/install/air_lab3/lib/air_lab3
Installing stop script to /home/stilo759/TDDE05/ros2_ws/src/labs/install/air_lab3/lib/air_lab3
Installing tst_executor script to /home/stilo759/TDDE05/ros2_ws/src/labs/install/air_lab3/lib/air_lab3
Installing visualize script to /home/stilo759/TDDE05/ros2_ws/src/labs/install/air_lab3/lib/air_lab3

Installed /home/stilo759/TDDE05/ros2_ws/src/labs/build/air_lab3
running install_data
creating /home/stilo759/TDDE05/ros2_ws/src/labs/install/air_lab3/share/ament_index
creating /home/stilo759/TDDE05/ros2_ws/src/labs/install/air_lab3/share/ament_index/resource_index
creating /home/stilo759/TDDE05/ros2_ws/src/labs/install/air_lab3/share/ament_index/resource_index/packages
copying resource/air_lab3 -> /home/stilo759/TDDE05/ros2_ws/src/labs/install/air_lab3/share/ament_index/resource_index/packages
copying package.xml -> /home/stilo759/TDDE05/ros2_ws/src/labs/install/air_lab3/share/air_lab3
