[24.142s] Invoking command in '/home/stilo759/TDDE05/ros2_ws/src/labs/build/air_lab3': AMENT_PREFIX_PATH=/home/stilo759/TDDE05/ros2_ws/src/labs/install/air_lab_interfaces:${AMENT_PREFIX_PATH} CMAKE_PREFIX_PATH=/home/stilo759/TDDE05/ros2_ws/src/labs/install/air_lab_interfaces:${CMAKE_PREFIX_PATH} LD_LIBRARY_PATH=/home/stilo759/TDDE05/ros2_ws/src/labs/install/air_lab_interfaces/lib:${LD_LIBRARY_PATH} PYTHONPATH=/home/stilo759/TDDE05/ros2_ws/src/labs/build/air_lab3/prefix_override:/home/stilo759/TDDE05/ros2_ws/src/labs/install/air_lab3/lib/python3.8/site-packages:/home/stilo759/TDDE05/ros2_ws/src/labs/install/air_lab_interfaces/lib/python3.8/site-packages:${PYTHONPATH} /usr/bin/python3 setup.py develop --editable --build-directory /home/stilo759/TDDE05/ros2_ws/src/labs/build/air_lab3/build --no-deps install_data
[33.589s] running develop
[35.372s] running egg_info
[35.372s] creating air_lab3.egg-info
[35.373s] writing air_lab3.egg-info/PKG-INFO
[35.384s] writing dependency_links to air_lab3.egg-info/dependency_links.txt
[35.391s] writing entry points to air_lab3.egg-info/entry_points.txt
[35.398s] writing requirements to air_lab3.egg-info/requires.txt
[35.400s] writing top-level names to air_lab3.egg-info/top_level.txt
[35.459s] writing manifest file 'air_lab3.egg-info/SOURCES.txt'
[57.074s] reading manifest file 'air_lab3.egg-info/SOURCES.txt'
[57.140s] writing manifest file 'air_lab3.egg-info/SOURCES.txt'
[57.779s] running build_ext
[57.783s] Creating /home/stilo759/TDDE05/ros2_ws/src/labs/install/air_lab3/lib/python3.8/site-packages/site.py
[57.889s] Creating /home/stilo759/TDDE05/ros2_ws/src/labs/install/air_lab3/lib/python3.8/site-packages/air-lab3.egg-link (link to .)
[57.924s] Installing abort script to /home/stilo759/TDDE05/ros2_ws/src/labs/install/air_lab3/lib/air_lab3
[57.964s] Installing create_tst script to /home/stilo759/TDDE05/ros2_ws/src/labs/install/air_lab3/lib/air_lab3
[58.049s] Installing execute_tst script to /home/stilo759/TDDE05/ros2_ws/src/labs/install/air_lab3/lib/air_lab3
[58.107s] Installing pause script to /home/stilo759/TDDE05/ros2_ws/src/labs/install/air_lab3/lib/air_lab3
[58.171s] Installing resume script to /home/stilo759/TDDE05/ros2_ws/src/labs/install/air_lab3/lib/air_lab3
[58.235s] Installing stop script to /home/stilo759/TDDE05/ros2_ws/src/labs/install/air_lab3/lib/air_lab3
[58.307s] Installing tst_executor script to /home/stilo759/TDDE05/ros2_ws/src/labs/install/air_lab3/lib/air_lab3
[58.375s] Installing visualize script to /home/stilo759/TDDE05/ros2_ws/src/labs/install/air_lab3/lib/air_lab3
[58.450s] 
[58.450s] Installed /home/stilo759/TDDE05/ros2_ws/src/labs/build/air_lab3
[58.461s] running install_data
[58.488s] creating /home/stilo759/TDDE05/ros2_ws/src/labs/install/air_lab3/share/ament_index
[58.491s] creating /home/stilo759/TDDE05/ros2_ws/src/labs/install/air_lab3/share/ament_index/resource_index
[58.495s] creating /home/stilo759/TDDE05/ros2_ws/src/labs/install/air_lab3/share/ament_index/resource_index/packages
[58.539s] copying resource/air_lab3 -> /home/stilo759/TDDE05/ros2_ws/src/labs/install/air_lab3/share/ament_index/resource_index/packages
[58.615s] copying package.xml -> /home/stilo759/TDDE05/ros2_ws/src/labs/install/air_lab3/share/air_lab3
[58.713s] Invoked command in '/home/stilo759/TDDE05/ros2_ws/src/labs/build/air_lab3' returned '0': AMENT_PREFIX_PATH=/home/stilo759/TDDE05/ros2_ws/src/labs/install/air_lab_interfaces:${AMENT_PREFIX_PATH} CMAKE_PREFIX_PATH=/home/stilo759/TDDE05/ros2_ws/src/labs/install/air_lab_interfaces:${CMAKE_PREFIX_PATH} LD_LIBRARY_PATH=/home/stilo759/TDDE05/ros2_ws/src/labs/install/air_lab_interfaces/lib:${LD_LIBRARY_PATH} PYTHONPATH=/home/stilo759/TDDE05/ros2_ws/src/labs/build/air_lab3/prefix_override:/home/stilo759/TDDE05/ros2_ws/src/labs/install/air_lab3/lib/python3.8/site-packages:/home/stilo759/TDDE05/ros2_ws/src/labs/install/air_lab_interfaces/lib/python3.8/site-packages:${PYTHONPATH} /usr/bin/python3 setup.py develop --editable --build-directory /home/stilo759/TDDE05/ros2_ws/src/labs/build/air_lab3/build --no-deps install_data
