running develop
running egg_info
creating air_lab_common.egg-info
writing air_lab_common.egg-info/PKG-INFO
writing dependency_links to air_lab_common.egg-info/dependency_links.txt
writing entry points to air_lab_common.egg-info/entry_points.txt
writing requirements to air_lab_common.egg-info/requires.txt
writing top-level names to air_lab_common.egg-info/top_level.txt
writing manifest file 'air_lab_common.egg-info/SOURCES.txt'
reading manifest file 'air_lab_common.egg-info/SOURCES.txt'
writing manifest file 'air_lab_common.egg-info/SOURCES.txt'
running build_ext
Creating /home/stilo759/TDDE05/ros2_ws/src/labs/install/air_lab_common/lib/python3.8/site-packages/site.py
Creating /home/stilo759/TDDE05/ros2_ws/src/labs/install/air_lab_common/lib/python3.8/site-packages/air-lab-common.egg-link (link to .)

Installed /home/stilo759/TDDE05/ros2_ws/src/labs/build/air_lab_common
running install_data
creating /home/stilo759/TDDE05/ros2_ws/src/labs/install/air_lab_common/share/ament_index
creating /home/stilo759/TDDE05/ros2_ws/src/labs/install/air_lab_common/share/ament_index/resource_index
creating /home/stilo759/TDDE05/ros2_ws/src/labs/install/air_lab_common/share/ament_index/resource_index/packages
copying resource/air_lab_common -> /home/stilo759/TDDE05/ros2_ws/src/labs/install/air_lab_common/share/ament_index/resource_index/packages
copying package.xml -> /home/stilo759/TDDE05/ros2_ws/src/labs/install/air_lab_common/share/air_lab_common
creating /home/stilo759/TDDE05/ros2_ws/src/labs/install/air_lab_common/share/air_lab_common/screen
copying screen/screen.tdde05 -> /home/stilo759/TDDE05/ros2_ws/src/labs/install/air_lab_common/share/air_lab_common/screen
